# JRE version: OpenJDK Runtime Environment (8.0_212-b04) (build 1.8.0_212-release-1586-b04)
# Java VM: OpenJDK 64-Bit Server VM (25.212-b04 mixed mode windows-amd64 compressed oops)
Heap:
 PSYoungGen      total 120832K, used 72569K [0x00000000e0000000, 0x00000000eb480000, 0x0000000100000000)
  eden space 107520K, 67% used [0x00000000e0000000,0x00000000e46de520,0x00000000e6900000)
  from space 13312K, 0% used [0x00000000e6900000,0x00000000e6900000,0x00000000e7600000)
  to   space 13312K, 0% used [0x00000000ea780000,0x00000000ea780000,0x00000000eb480000)
 ParOldGen       total 68096K, used 15685K [0x00000000a0000000, 0x00000000a4280000, 0x00000000e0000000)
  object space 68096K, 23% used [0x00000000a0000000,0x00000000a0f51468,0x00000000a4280000)
 Metaspace       used 42215K, capacity 43342K, committed 43520K, reserved 1087488K
  class space    used 5734K, capacity 6039K, committed 6144K, reserved 1048576K
GC Heap History (10 events):
Event: 8.454 GC heap before
{Heap before GC invocations=5 (full 1):
 PSYoungGen      total 71680K, used 5113K [0x00000000e0000000, 0x00000000e8c00000, 0x0000000100000000)
  eden space 66560K, 0% used [0x00000000e0000000,0x00000000e0000000,0x00000000e4100000)
  from space 5120K, 99% used [0x00000000e8700000,0x00000000e8bfe650,0x00000000e8c00000)
  to   space 5120K, 0% used [0x00000000e4100000,0x00000000e4100000,0x00000000e4600000)
 ParOldGen       total 87552K, used 11956K [0x00000000a0000000, 0x00000000a5580000, 0x00000000e0000000)
  object space 87552K, 13% used [0x00000000a0000000,0x00000000a0bad048,0x00000000a5580000)
 Metaspace       used 20661K, capacity 21182K, committed 21296K, reserved 1067008K
  class space    used 2968K, capacity 3133K, committed 3200K, reserved 1048576K
Event: 8.505 GC heap after
Heap after GC invocations=5 (full 1):
 PSYoungGen      total 71680K, used 0K [0x00000000e0000000, 0x00000000e8c00000, 0x0000000100000000)
  eden space 66560K, 0% used [0x00000000e0000000,0x00000000e0000000,0x00000000e4100000)
  from space 5120K, 0% used [0x00000000e8700000,0x00000000e8700000,0x00000000e8c00000)
  to   space 5120K, 0% used [0x00000000e4100000,0x00000000e4100000,0x00000000e4600000)
 ParOldGen       total 68096K, used 12026K [0x00000000a0000000, 0x00000000a4280000, 0x00000000e0000000)
  object space 68096K, 17% used [0x00000000a0000000,0x00000000a0bbeb50,0x00000000a4280000)
 Metaspace       used 20661K, capacity 21182K, committed 21296K, reserved 1067008K
  class space    used 2968K, capacity 3133K, committed 3200K, reserved 1048576K
}
Event: 13.314 GC heap before
{Heap before GC invocations=6 (full 1):
 PSYoungGen      total 71680K, used 66560K [0x00000000e0000000, 0x00000000e8c00000, 0x0000000100000000)
  eden space 66560K, 100% used [0x00000000e0000000,0x00000000e4100000,0x00000000e4100000)
  from space 5120K, 0% used [0x00000000e8700000,0x00000000e8700000,0x00000000e8c00000)
  to   space 5120K, 0% used [0x00000000e4100000,0x00000000e4100000,0x00000000e4600000)
 ParOldGen       total 68096K, used 12026K [0x00000000a0000000, 0x00000000a4280000, 0x00000000e0000000)
  object space 68096K, 17% used [0x00000000a0000000,0x00000000a0bbeb50,0x00000000a4280000)
 Metaspace       used 29267K, capacity 29850K, committed 30080K, reserved 1075200K
  class space    used 3948K, capacity 4137K, committed 4224K, reserved 1048576K
Event: 13.327 GC heap after
Heap after GC invocations=6 (full 1):
 PSYoungGen      total 71680K, used 5119K [0x00000000e0000000, 0x00000000e8780000, 0x0000000100000000)
  eden space 66560K, 0% used [0x00000000e0000000,0x00000000e0000000,0x00000000e4100000)
  from space 5120K, 99% used [0x00000000e4100000,0x00000000e45fffa8,0x00000000e4600000)
  to   space 13824K, 0% used [0x00000000e7a00000,0x00000000e7a00000,0x00000000e8780000)
 ParOldGen       total 68096K, used 15358K [0x00000000a0000000, 0x00000000a4280000, 0x00000000e0000000)
  object space 68096K, 22% used [0x00000000a0000000,0x00000000a0effa28,0x00000000a4280000)
 Metaspace       used 29267K, capacity 29850K, committed 30080K, reserved 1075200K
  class space    used 3948K, capacity 4137K, committed 4224K, reserved 1048576K
}
Event: 15.152 GC heap before
{Heap before GC invocations=7 (full 1):
 PSYoungGen      total 71680K, used 71679K [0x00000000e0000000, 0x00000000e8780000, 0x0000000100000000)
  eden space 66560K, 100% used [0x00000000e0000000,0x00000000e4100000,0x00000000e4100000)
  from space 5120K, 99% used [0x00000000e4100000,0x00000000e45fffa8,0x00000000e4600000)
  to   space 13824K, 0% used [0x00000000e7a00000,0x00000000e7a00000,0x00000000e8780000)
 ParOldGen       total 68096K, used 15358K [0x00000000a0000000, 0x00000000a4280000, 0x00000000e0000000)
  object space 68096K, 22% used [0x00000000a0000000,0x00000000a0effa28,0x00000000a4280000)
 Metaspace       used 32423K, capacity 33080K, committed 33408K, reserved 1077248K
  class space    used 4453K, capacity 4659K, committed 4736K, reserved 1048576K
Event: 15.167 GC heap after
Heap after GC invocations=7 (full 1):
 PSYoungGen      total 112640K, used 8864K [0x00000000e0000000, 0x00000000e8300000, 0x0000000100000000)
  eden space 103424K, 0% used [0x00000000e0000000,0x00000000e0000000,0x00000000e6500000)
  from space 9216K, 96% used [0x00000000e7a00000,0x00000000e82a83c0,0x00000000e8300000)
  to   space 13312K, 0% used [0x00000000e6900000,0x00000000e6900000,0x00000000e7600000)
 ParOldGen       total 68096K, used 15366K [0x00000000a0000000, 0x00000000a4280000, 0x00000000e0000000)
  object space 68096K, 22% used [0x00000000a0000000,0x00000000a0f01a28,0x00000000a4280000)
 Metaspace       used 32423K, capacity 33080K, committed 33408K, reserved 1077248K
  class space    used 4453K, capacity 4659K, committed 4736K, reserved 1048576K
}
Event: 16.723 GC heap before
{Heap before GC invocations=8 (full 1):
 PSYoungGen      total 112640K, used 52529K [0x00000000e0000000, 0x00000000e8300000, 0x0000000100000000)
  eden space 103424K, 42% used [0x00000000e0000000,0x00000000e2aa43d0,0x00000000e6500000)
  from space 9216K, 96% used [0x00000000e7a00000,0x00000000e82a83c0,0x00000000e8300000)
  to   space 13312K, 0% used [0x00000000e6900000,0x00000000e6900000,0x00000000e7600000)
 ParOldGen       total 68096K, used 15366K [0x00000000a0000000, 0x00000000a4280000, 0x00000000e0000000)
  object space 68096K, 22% used [0x00000000a0000000,0x00000000a0f01a28,0x00000000a4280000)
 Metaspace       used 34560K, capacity 35356K, committed 35456K, reserved 1079296K
  class space    used 4742K, capacity 4955K, committed 4992K, reserved 1048576K
Event: 16.731 GC heap after
Heap after GC invocations=8 (full 1):
 PSYoungGen      total 120832K, used 8894K [0x00000000e0000000, 0x00000000eb480000, 0x0000000100000000)
  eden space 107520K, 0% used [0x00000000e0000000,0x00000000e0000000,0x00000000e6900000)
  from space 13312K, 66% used [0x00000000e6900000,0x00000000e71afa80,0x00000000e7600000)
  to   space 13312K, 0% used [0x00000000ea780000,0x00000000ea780000,0x00000000eb480000)
 ParOldGen       total 68096K, used 15374K [0x00000000a0000000, 0x00000000a4280000, 0x00000000e0000000)
  object space 68096K, 22% used [0x00000000a0000000,0x00000000a0f03a28,0x00000000a4280000)
 Metaspace       used 34560K, capacity 35356K, committed 35456K, reserved 1079296K
  class space    used 4742K, capacity 4955K, committed 4992K, reserved 1048576K
}
Event: 16.731 GC heap before
{Heap before GC invocations=9 (full 2):
 PSYoungGen      total 120832K, used 8894K [0x00000000e0000000, 0x00000000eb480000, 0x0000000100000000)
  eden space 107520K, 0% used [0x00000000e0000000,0x00000000e0000000,0x00000000e6900000)
  from space 13312K, 66% used [0x00000000e6900000,0x00000000e71afa80,0x00000000e7600000)
  to   space 13312K, 0% used [0x00000000ea780000,0x00000000ea780000,0x00000000eb480000)
 ParOldGen       total 68096K, used 15374K [0x00000000a0000000, 0x00000000a4280000, 0x00000000e0000000)
  object space 68096K, 22% used [0x00000000a0000000,0x00000000a0f03a28,0x00000000a4280000)
 Metaspace       used 34560K, capacity 35356K, committed 35456K, reserved 1079296K
  class space    used 4742K, capacity 4955K, committed 4992K, reserved 1048576K
Event: 16.792 GC heap after
Heap after GC invocations=9 (full 2):
 PSYoungGen      total 120832K, used 0K [0x00000000e0000000, 0x00000000eb480000, 0x0000000100000000)
  eden space 107520K, 0% used [0x00000000e0000000,0x00000000e0000000,0x00000000e6900000)
  from space 13312K, 0% used [0x00000000e6900000,0x00000000e6900000,0x00000000e7600000)
  to   space 13312K, 0% used [0x00000000ea780000,0x00000000ea780000,0x00000000eb480000)
 ParOldGen       total 68096K, used 15685K [0x00000000a0000000, 0x00000000a4280000, 0x00000000e0000000)
  object space 68096K, 23% used [0x00000000a0000000,0x00000000a0f51468,0x00000000a4280000)
 Metaspace       used 34557K, capacity 35344K, committed 35456K, reserved 1079296K
  class space    used 4741K, capacity 4953K, committed 4992K, reserved 1048576K
}

