# JRE version: OpenJDK Runtime Environment (8.0_212-b04) (build 1.8.0_212-release-1586-b04)
# Java VM: OpenJDK 64-Bit Server VM (25.212-b04 mixed mode windows-amd64 compressed oops)
Heap:
 PSYoungGen      total 153088K, used 3274K [0x00000000e0000000, 0x00000000ea580000, 0x0000000100000000)
  eden space 140800K, 2% used [0x00000000e0000000,0x00000000e0332868,0x00000000e8980000)
  from space 12288K, 0% used [0x00000000e8d80000,0x00000000e8d80000,0x00000000e9980000)
  to   space 6656K, 0% used [0x00000000e9f00000,0x00000000e9f00000,0x00000000ea580000)
 ParOldGen       total 88064K, used 17846K [0x00000000a0000000, 0x00000000a5600000, 0x00000000e0000000)
  object space 88064K, 20% used [0x00000000a0000000,0x00000000a116da20,0x00000000a5600000)
 Metaspace       used 41736K, capacity 42826K, committed 43136K, reserved 1093632K
  class space    used 5659K, capacity 5955K, committed 6016K, reserved 1048576K
GC Heap History (10 events):
Event: 7.839 GC heap before
{Heap before GC invocations=11 (full 2):
 PSYoungGen      total 120320K, used 10055K [0x00000000e0000000, 0x00000000eab00000, 0x0000000100000000)
  eden space 108544K, 0% used [0x00000000e0000000,0x00000000e0000000,0x00000000e6a00000)
  from space 11776K, 85% used [0x00000000e6a00000,0x00000000e73d1ea0,0x00000000e7580000)
  to   space 12288K, 0% used [0x00000000e9f00000,0x00000000e9f00000,0x00000000eab00000)
 ParOldGen       total 59392K, used 9348K [0x00000000a0000000, 0x00000000a3a00000, 0x00000000e0000000)
  object space 59392K, 15% used [0x00000000a0000000,0x00000000a0921100,0x00000000a3a00000)
 Metaspace       used 34636K, capacity 35452K, committed 35496K, reserved 1079296K
  class space    used 4752K, capacity 4975K, committed 4992K, reserved 1048576K
Event: 7.913 GC heap after
Heap after GC invocations=11 (full 2):
 PSYoungGen      total 120320K, used 0K [0x00000000e0000000, 0x00000000eab00000, 0x0000000100000000)
  eden space 108544K, 0% used [0x00000000e0000000,0x00000000e0000000,0x00000000e6a00000)
  from space 11776K, 0% used [0x00000000e6a00000,0x00000000e6a00000,0x00000000e7580000)
  to   space 12288K, 0% used [0x00000000e9f00000,0x00000000e9f00000,0x00000000eab00000)
 ParOldGen       total 88064K, used 16925K [0x00000000a0000000, 0x00000000a5600000, 0x00000000e0000000)
  object space 88064K, 19% used [0x00000000a0000000,0x00000000a1087540,0x00000000a5600000)
 Metaspace       used 34611K, capacity 35368K, committed 35496K, reserved 1079296K
  class space    used 4745K, capacity 4961K, committed 4992K, reserved 1048576K
}
Event: 11.221 GC heap before
{Heap before GC invocations=12 (full 2):
 PSYoungGen      total 120320K, used 47387K [0x00000000e0000000, 0x00000000eab00000, 0x0000000100000000)
  eden space 108544K, 43% used [0x00000000e0000000,0x00000000e2e46fa8,0x00000000e6a00000)
  from space 11776K, 0% used [0x00000000e6a00000,0x00000000e6a00000,0x00000000e7580000)
  to   space 12288K, 0% used [0x00000000e9f00000,0x00000000e9f00000,0x00000000eab00000)
 ParOldGen       total 88064K, used 16925K [0x00000000a0000000, 0x00000000a5600000, 0x00000000e0000000)
  object space 88064K, 19% used [0x00000000a0000000,0x00000000a1087540,0x00000000a5600000)
 Metaspace       used 40734K, capacity 41736K, committed 41984K, reserved 1089536K
  class space    used 5483K, capacity 5770K, committed 5888K, reserved 1048576K
Event: 11.246 GC heap after
Heap after GC invocations=12 (full 2):
 PSYoungGen      total 147456K, used 6513K [0x00000000e0000000, 0x00000000ea580000, 0x0000000100000000)
  eden space 140800K, 0% used [0x00000000e0000000,0x00000000e0000000,0x00000000e8980000)
  from space 6656K, 97% used [0x00000000e9f00000,0x00000000ea55c5e8,0x00000000ea580000)
  to   space 12288K, 0% used [0x00000000e8d80000,0x00000000e8d80000,0x00000000e9980000)
 ParOldGen       total 88064K, used 16933K [0x00000000a0000000, 0x00000000a5600000, 0x00000000e0000000)
  object space 88064K, 19% used [0x00000000a0000000,0x00000000a1089540,0x00000000a5600000)
 Metaspace       used 40734K, capacity 41736K, committed 41984K, reserved 1089536K
  class space    used 5483K, capacity 5770K, committed 5888K, reserved 1048576K
}
Event: 11.246 GC heap before
{Heap before GC invocations=13 (full 3):
 PSYoungGen      total 147456K, used 6513K [0x00000000e0000000, 0x00000000ea580000, 0x0000000100000000)
  eden space 140800K, 0% used [0x00000000e0000000,0x00000000e0000000,0x00000000e8980000)
  from space 6656K, 97% used [0x00000000e9f00000,0x00000000ea55c5e8,0x00000000ea580000)
  to   space 12288K, 0% used [0x00000000e8d80000,0x00000000e8d80000,0x00000000e9980000)
 ParOldGen       total 88064K, used 16933K [0x00000000a0000000, 0x00000000a5600000, 0x00000000e0000000)
  object space 88064K, 19% used [0x00000000a0000000,0x00000000a1089540,0x00000000a5600000)
 Metaspace       used 40734K, capacity 41736K, committed 41984K, reserved 1089536K
  class space    used 5483K, capacity 5770K, committed 5888K, reserved 1048576K
Event: 11.434 GC heap after
Heap after GC invocations=13 (full 3):
 PSYoungGen      total 147456K, used 0K [0x00000000e0000000, 0x00000000ea580000, 0x0000000100000000)
  eden space 140800K, 0% used [0x00000000e0000000,0x00000000e0000000,0x00000000e8980000)
  from space 6656K, 0% used [0x00000000e9f00000,0x00000000e9f00000,0x00000000ea580000)
  to   space 12288K, 0% used [0x00000000e8d80000,0x00000000e8d80000,0x00000000e9980000)
 ParOldGen       total 88064K, used 20731K [0x00000000a0000000, 0x00000000a5600000, 0x00000000e0000000)
  object space 88064K, 23% used [0x00000000a0000000,0x00000000a143ed20,0x00000000a5600000)
 Metaspace       used 40734K, capacity 41736K, committed 41984K, reserved 1087488K
  class space    used 5483K, capacity 5770K, committed 5888K, reserved 1048576K
}
Event: 11.652 GC heap before
{Heap before GC invocations=14 (full 3):
 PSYoungGen      total 147456K, used 13873K [0x00000000e0000000, 0x00000000ea580000, 0x0000000100000000)
  eden space 140800K, 9% used [0x00000000e0000000,0x00000000e0d8c7c8,0x00000000e8980000)
  from space 6656K, 0% used [0x00000000e9f00000,0x00000000e9f00000,0x00000000ea580000)
  to   space 12288K, 0% used [0x00000000e8d80000,0x00000000e8d80000,0x00000000e9980000)
 ParOldGen       total 88064K, used 20731K [0x00000000a0000000, 0x00000000a5600000, 0x00000000e0000000)
  object space 88064K, 23% used [0x00000000a0000000,0x00000000a143ed20,0x00000000a5600000)
 Metaspace       used 41633K, capacity 42666K, committed 42880K, reserved 1093632K
  class space    used 5630K, capacity 5923K, committed 6016K, reserved 1048576K
Event: 11.655 GC heap after
Heap after GC invocations=14 (full 3):
 PSYoungGen      total 153088K, used 1206K [0x00000000e0000000, 0x00000000ea580000, 0x0000000100000000)
  eden space 140800K, 0% used [0x00000000e0000000,0x00000000e0000000,0x00000000e8980000)
  from space 12288K, 9% used [0x00000000e8d80000,0x00000000e8ead8f8,0x00000000e9980000)
  to   space 6656K, 0% used [0x00000000e9f00000,0x00000000e9f00000,0x00000000ea580000)
 ParOldGen       total 88064K, used 20739K [0x00000000a0000000, 0x00000000a5600000, 0x00000000e0000000)
  object space 88064K, 23% used [0x00000000a0000000,0x00000000a1440d20,0x00000000a5600000)
 Metaspace       used 41633K, capacity 42666K, committed 42880K, reserved 1093632K
  class space    used 5630K, capacity 5923K, committed 6016K, reserved 1048576K
}
Event: 11.655 GC heap before
{Heap before GC invocations=15 (full 4):
 PSYoungGen      total 153088K, used 1206K [0x00000000e0000000, 0x00000000ea580000, 0x0000000100000000)
  eden space 140800K, 0% used [0x00000000e0000000,0x00000000e0000000,0x00000000e8980000)
  from space 12288K, 9% used [0x00000000e8d80000,0x00000000e8ead8f8,0x00000000e9980000)
  to   space 6656K, 0% used [0x00000000e9f00000,0x00000000e9f00000,0x00000000ea580000)
 ParOldGen       total 88064K, used 20739K [0x00000000a0000000, 0x00000000a5600000, 0x00000000e0000000)
  object space 88064K, 23% used [0x00000000a0000000,0x00000000a1440d20,0x00000000a5600000)
 Metaspace       used 41633K, capacity 42666K, committed 42880K, reserved 1093632K
  class space    used 5630K, capacity 5923K, committed 6016K, reserved 1048576K
Event: 11.693 GC heap after
Heap after GC invocations=15 (full 4):
 PSYoungGen      total 153088K, used 0K [0x00000000e0000000, 0x00000000ea580000, 0x0000000100000000)
  eden space 140800K, 0% used [0x00000000e0000000,0x00000000e0000000,0x00000000e8980000)
  from space 12288K, 0% used [0x00000000e8d80000,0x00000000e8d80000,0x00000000e9980000)
  to   space 6656K, 0% used [0x00000000e9f00000,0x00000000e9f00000,0x00000000ea580000)
 ParOldGen       total 88064K, used 17846K [0x00000000a0000000, 0x00000000a5600000, 0x00000000e0000000)
  object space 88064K, 20% used [0x00000000a0000000,0x00000000a116da20,0x00000000a5600000)
 Metaspace       used 41633K, capacity 42666K, committed 42880K, reserved 1091584K
  class space    used 5630K, capacity 5923K, committed 6016K, reserved 1048576K
}

